#
# There is insufficient memory for the Java Runtime Environment to continue.
# Native memory allocation (mmap) failed to map 65536 bytes for Failed to commit metaspace.
# Possible reasons:
#   The system is out of physical RAM or swap space
#   The process is running with CompressedOops enabled, and the Java Heap may be blocking the growth of the native heap
# Possible solutions:
#   Reduce memory load on the system
#   Increase physical memory or swap space
#   Check if swap backing store is full
#   Decrease Java heap size (-Xmx/-Xms)
#   Decrease number of Java threads
#   Decrease Java thread stack sizes (-Xss)
#   Set larger code cache with -XX:ReservedCodeCacheSize=
#   JVM is running with Unscaled Compressed Oops mode in which the Java heap is
#     placed in the first 4GB address space. The Java Heap base address is the
#     maximum limit for the native heap growth. Please use -XX:HeapBaseMinAddress
#     to set the Java Heap base and to place the Java Heap above 4GB virtual address.
# This output file may be truncated or incomplete.
#
#  Out of Memory Error (virtualSpaceNode.cpp:110), pid=21744, tid=22056
#
# JRE version: OpenJDK Runtime Environment Temurin-17.0.4.1+1 (17.0.4.1+1) (build 17.0.4.1+1)
# Java VM: OpenJDK 64-Bit Server VM Temurin-17.0.4.1+1 (17.0.4.1+1, mixed mode, tiered, compressed oops, compressed class ptrs, g1 gc, windows-amd64)
# No core dump will be written. Minidumps are not enabled by default on client versions of Windows
#

---------------  S U M M A R Y ------------

Command Line: -XX:+ShowCodeDetailsInExceptionMessages -agentlib:jdwp=transport=dt_socket,suspend=y,address=localhost:63147 -javaagent:C:\Users\Administrator\Downloads\eclipse\configuration\org.eclipse.osgi\228\0\.cp\lib\javaagent-shaded.jar -Dfile.encoding=UTF-8 KeywordDrivenFramework.ActiTime

Host: Intel(R) Core(TM) i5-6200U CPU @ 2.30GHz, 4 cores, 3G,  Windows 10 , 64 bit Build 19041 (10.0.19041.3155)
Time: Mon Apr 15 01:00:06 2024 India Standard Time elapsed time: 6.439897 seconds (0d 0h 0m 6s)

---------------  T H R E A D  ---------------

Current thread (0x00000204c7797760):  JavaThread "main" [_thread_in_vm, id=22056, stack(0x000000698ed00000,0x000000698ee00000)]

Stack: [0x000000698ed00000,0x000000698ee00000]
Native frames: (J=compiled Java code, j=interpreted, Vv=VM code, C=native code)
V  [jvm.dll+0x67731a]
V  [jvm.dll+0x832284]
V  [jvm.dll+0x833a2e]
V  [jvm.dll+0x834093]
V  [jvm.dll+0x245775]
V  [jvm.dll+0x82e22b]
V  [jvm.dll+0x61bdf6]
V  [jvm.dll+0x1c07be]
V  [jvm.dll+0x61e741]
V  [jvm.dll+0x61c796]
V  [jvm.dll+0x36ba22]
V  [jvm.dll+0x1e227b]
V  [jvm.dll+0x53c939]
V  [jvm.dll+0x7ad138]
V  [jvm.dll+0x7ad224]
V  [jvm.dll+0x40ccd5]
V  [jvm.dll+0x412ec8]
C  [java.dll+0x17ec]

Java frames: (J=compiled Java code, j=interpreted, Vv=VM code)
J 1029  java.lang.ClassLoader.defineClass1(Ljava/lang/ClassLoader;Ljava/lang/String;[BIILjava/security/ProtectionDomain;Ljava/lang/String;)Ljava/lang/Class; java.base@17.0.4.1 (0 bytes) @ 0x00000204d29889db [0x00000204d2988920+0x00000000000000bb]
J 1533 c1 java.lang.ClassLoader.defineClass(Ljava/lang/String;[BIILjava/security/ProtectionDomain;)Ljava/lang/Class; java.base@17.0.4.1 (43 bytes) @ 0x00000204cb6dac74 [0x00000204cb6da900+0x0000000000000374]
j  java.security.SecureClassLoader.defineClass(Ljava/lang/String;[BIILjava/security/CodeSource;)Ljava/lang/Class;+12 java.base@17.0.4.1
j  jdk.internal.loader.BuiltinClassLoader.defineClass(Ljava/lang/String;Ljdk/internal/loader/Resource;)Ljava/lang/Class;+117 java.base@17.0.4.1
J 977 c1 jdk.internal.loader.BuiltinClassLoader.findClassOnClassPathOrNull(Ljava/lang/String;)Ljava/lang/Class; java.base@17.0.4.1 (64 bytes) @ 0x00000204cb5e2584 [0x00000204cb5e14e0+0x00000000000010a4]
J 672 c1 jdk.internal.loader.BuiltinClassLoader.loadClassOrNull(Ljava/lang/String;Z)Ljava/lang/Class; java.base@17.0.4.1 (143 bytes) @ 0x00000204cb52abb4 [0x00000204cb529cc0+0x0000000000000ef4]
J 815 c1 jdk.internal.loader.ClassLoaders$AppClassLoader.loadClass(Ljava/lang/String;Z)Ljava/lang/Class; java.base@17.0.4.1 (40 bytes) @ 0x00000204cb57c96c [0x00000204cb57c360+0x000000000000060c]
J 791 c1 java.lang.ClassLoader.loadClass(Ljava/lang/String;)Ljava/lang/Class; java.base@17.0.4.1 (7 bytes) @ 0x00000204cb5728d4 [0x00000204cb5727c0+0x0000000000000114]
v  ~StubRoutines::call_stub
j  com.google.common.collect.RegularImmutableSet.iterator()Lcom/google/common/collect/UnmodifiableIterator;+4
j  org.openqa.selenium.remote.ErrorCodes.<clinit>()V+670
v  ~StubRoutines::call_stub
j  org.openqa.selenium.remote.ErrorHandler.<init>(Z)V+10
j  org.openqa.selenium.remote.ErrorHandler.<init>()V+2
j  org.openqa.selenium.remote.RemoteWebDriver.<init>(Lorg/openqa/selenium/remote/CommandExecutor;Lorg/openqa/selenium/Capabilities;)V+27
j  org.openqa.selenium.chromium.ChromiumDriver.<init>(Lorg/openqa/selenium/remote/CommandExecutor;Lorg/openqa/selenium/Capabilities;Ljava/lang/String;)V+3
j  org.openqa.selenium.chrome.ChromeDriver.<init>(Lorg/openqa/selenium/chrome/ChromeDriverService;Lorg/openqa/selenium/chrome/ChromeOptions;Lorg/openqa/selenium/remote/http/ClientConfig;)V+10
j  org.openqa.selenium.chrome.ChromeDriver.<init>(Lorg/openqa/selenium/chrome/ChromeDriverService;Lorg/openqa/selenium/chrome/ChromeOptions;)V+6
j  org.openqa.selenium.chrome.ChromeDriver.<init>()V+11
j  KeywordDrivenFramework.BrowserAction.launchBrowser()Lorg/openqa/selenium/WebDriver;+21
j  KeywordDrivenFramework.ActiTime.main([Ljava/lang/String;)V+9
v  ~StubRoutines::call_stub

---------------  P R O C E S S  ---------------

Threads class SMR info:
_java_thread_list=0x00000204e0d1d520, length=17, elements={
0x00000204c7797760, 0x00000204de7b3ea0, 0x00000204de7b4d10, 0x00000204de809010,
0x00000204de809bc0, 0x00000204de80c680, 0x00000204de80d030, 0x00000204de80ddc0,
0x00000204de85ea00, 0x00000204df41f5f0, 0x00000204df48efd0, 0x00000204df5dcc50,
0x00000204df66cc60, 0x00000204df66d150, 0x00000204dffa9700, 0x00000204e02e64b0,
0x00000204e0d128f0
}

Java Threads: ( => current thread )
=>0x00000204c7797760 JavaThread "main" [_thread_in_vm, id=22056, stack(0x000000698ed00000,0x000000698ee00000)]
  0x00000204de7b3ea0 JavaThread "Reference Handler" daemon [_thread_blocked, id=20360, stack(0x000000698f400000,0x000000698f500000)]
  0x00000204de7b4d10 JavaThread "Finalizer" daemon [_thread_blocked, id=17608, stack(0x000000698f500000,0x000000698f600000)]
  0x00000204de809010 JavaThread "Signal Dispatcher" daemon [_thread_blocked, id=20852, stack(0x000000698f600000,0x000000698f700000)]
  0x00000204de809bc0 JavaThread "Attach Listener" daemon [_thread_blocked, id=19744, stack(0x000000698f700000,0x000000698f800000)]
  0x00000204de80c680 JavaThread "Service Thread" daemon [_thread_blocked, id=21960, stack(0x000000698f800000,0x000000698f900000)]
  0x00000204de80d030 JavaThread "Monitor Deflation Thread" daemon [_thread_blocked, id=21896, stack(0x000000698f900000,0x000000698fa00000)]
  0x00000204de80ddc0 JavaThread "C2 CompilerThread0" daemon [_thread_blocked, id=11004, stack(0x000000698fa00000,0x000000698fb00000)]
  0x00000204de85ea00 JavaThread "C1 CompilerThread0" daemon [_thread_blocked, id=5280, stack(0x000000698fb00000,0x000000698fc00000)]
  0x00000204df41f5f0 JavaThread "Sweeper thread" daemon [_thread_blocked, id=18176, stack(0x000000698fc00000,0x000000698fd00000)]
  0x00000204df48efd0 JavaThread "Common-Cleaner" daemon [_thread_blocked, id=18700, stack(0x000000698fd00000,0x000000698fe00000)]
  0x00000204df5dcc50 JavaThread "JDWP Transport Listener: dt_socket" daemon [_thread_blocked, id=15700, stack(0x000000698fe00000,0x000000698ff00000)]
  0x00000204df66cc60 JavaThread "JDWP Event Helper Thread" daemon [_thread_blocked, id=20780, stack(0x000000698ff00000,0x0000006990000000)]
  0x00000204df66d150 JavaThread "JDWP Command Reader" daemon [_thread_in_native, id=8808, stack(0x0000006990000000,0x0000006990100000)]
  0x00000204dffa9700 JavaThread "Notification Thread" daemon [_thread_blocked, id=1876, stack(0x0000006990100000,0x0000006990200000)]
  0x00000204e02e64b0 JavaThread "ForkJoinPool.commonPool-worker-1" daemon [_thread_blocked, id=8496, stack(0x0000006990600000,0x0000006990700000)]
  0x00000204e0d128f0 JavaThread "HttpClient-1-SelectorManager" daemon [_thread_in_native, id=19700, stack(0x0000006990700000,0x0000006990800000)]

Other Threads:
  0x00000204de7cf0e0 VMThread "VM Thread" [stack: 0x000000698f300000,0x000000698f400000] [id=1960]
  0x00000204dffa9bd0 WatcherThread [stack: 0x0000006990200000,0x0000006990300000] [id=10500]
  0x00000204c77d2dc0 GCTaskThread "GC Thread#0" [stack: 0x000000698ee00000,0x000000698ef00000] [id=22524]
  0x00000204dfb73110 GCTaskThread "GC Thread#1" [stack: 0x0000006990300000,0x0000006990400000] [id=21200]
  0x00000204dfb733c0 GCTaskThread "GC Thread#2" [stack: 0x0000006990400000,0x0000006990500000] [id=14824]
  0x00000204e0262680 GCTaskThread "GC Thread#3" [stack: 0x0000006990500000,0x0000006990600000] [id=18288]
  0x00000204c77dc060 ConcurrentGCThread "G1 Main Marker" [stack: 0x000000698ef00000,0x000000698f000000] [id=16044]
  0x00000204c77dca70 ConcurrentGCThread "G1 Conc#0" [stack: 0x000000698f000000,0x000000698f100000] [id=2832]
  0x00000204c781cd00 ConcurrentGCThread "G1 Refine#0" [stack: 0x000000698f100000,0x000000698f200000] [id=12996]
  0x00000204c781d720 ConcurrentGCThread "G1 Service" [stack: 0x000000698f200000,0x000000698f300000] [id=8596]

Threads with active compile tasks:

VM state: not at safepoint (normal execution)

VM Mutex/Monitor currently owned by a thread:  ([mutex/lock_event])
[0x00000204c7786900] Metaspace_lock - owner thread: 0x00000204c7797760

Heap address: 0x00000000c2200000, size: 990 MB, Compressed Oops mode: 32-bit

CDS archive(s) not mapped
Compressed class space mapped at: 0x0000000100000000-0x0000000140000000, reserved size: 1073741824
Narrow klass base: 0x0000000000000000, Narrow klass shift: 3, Narrow klass range: 0x140000000

GC Precious Log:
 CPUs: 4 total, 4 available
 Memory: 3956M
 Large Page Support: Disabled
 NUMA Support: Disabled
 Compressed Oops: Enabled (32-bit)
 Heap Region Size: 1M
 Heap Min Capacity: 8M
 Heap Initial Capacity: 62M
 Heap Max Capacity: 990M
 Pre-touch: Disabled
 Parallel Workers: 4
 Concurrent Workers: 1
 Concurrent Refinement Workers: 4
 Periodic GC: Disabled

Heap:
 garbage-first heap   total 63488K, used 21511K [0x00000000c2200000, 0x0000000100000000)
  region size 1024K, 18 young (18432K), 1 survivors (1024K)
 Metaspace       used 17645K, committed 17856K, reserved 1064960K
  class space    used 1763K, committed 1856K, reserved 1048576K

Heap Regions: E=young(eden), S=young(survivor), O=old, HS=humongous(starts), HC=humongous(continues), CS=collection set, F=free, OA=open archive, CA=closed archive, TAMS=top-at-mark-start (previous, next)
|   0|0x00000000c2200000, 0x00000000c2300000, 0x00000000c2300000|100%|HS|  |TAMS 0x00000000c2200000, 0x00000000c2200000| Complete 
|   1|0x00000000c2300000, 0x00000000c2400000, 0x00000000c2400000|100%| O|  |TAMS 0x00000000c2300000, 0x00000000c2300000| Untracked 
|   2|0x00000000c2400000, 0x00000000c2500000, 0x00000000c2500000|100%| O|  |TAMS 0x00000000c2400000, 0x00000000c2400000| Untracked 
|   3|0x00000000c2500000, 0x00000000c2600000, 0x00000000c2600000|100%| O|  |TAMS 0x00000000c2500000, 0x00000000c2500000| Untracked 
|   4|0x00000000c2600000, 0x00000000c2700000, 0x00000000c2700000|100%| O|  |TAMS 0x00000000c2600000, 0x00000000c2600000| Untracked 
|   5|0x00000000c2700000, 0x00000000c2745a00, 0x00000000c2800000| 27%| O|  |TAMS 0x00000000c2700000, 0x00000000c2700000| Untracked 
|   6|0x00000000c2800000, 0x00000000c2800000, 0x00000000c2900000|  0%| F|  |TAMS 0x00000000c2800000, 0x00000000c2800000| Untracked 
|   7|0x00000000c2900000, 0x00000000c2900000, 0x00000000c2a00000|  0%| F|  |TAMS 0x00000000c2900000, 0x00000000c2900000| Untracked 
|   8|0x00000000c2a00000, 0x00000000c2a00000, 0x00000000c2b00000|  0%| F|  |TAMS 0x00000000c2a00000, 0x00000000c2a00000| Untracked 
|   9|0x00000000c2b00000, 0x00000000c2b00000, 0x00000000c2c00000|  0%| F|  |TAMS 0x00000000c2b00000, 0x00000000c2b00000| Untracked 
|  10|0x00000000c2c00000, 0x00000000c2c00000, 0x00000000c2d00000|  0%| F|  |TAMS 0x00000000c2c00000, 0x00000000c2c00000| Untracked 
|  11|0x00000000c2d00000, 0x00000000c2d00000, 0x00000000c2e00000|  0%| F|  |TAMS 0x00000000c2d00000, 0x00000000c2d00000| Untracked 
|  12|0x00000000c2e00000, 0x00000000c2e00000, 0x00000000c2f00000|  0%| F|  |TAMS 0x00000000c2e00000, 0x00000000c2e00000| Untracked 
|  13|0x00000000c2f00000, 0x00000000c2f00000, 0x00000000c3000000|  0%| F|  |TAMS 0x00000000c2f00000, 0x00000000c2f00000| Untracked 
|  14|0x00000000c3000000, 0x00000000c3000000, 0x00000000c3100000|  0%| F|  |TAMS 0x00000000c3000000, 0x00000000c3000000| Untracked 
|  15|0x00000000c3100000, 0x00000000c3100000, 0x00000000c3200000|  0%| F|  |TAMS 0x00000000c3100000, 0x00000000c3100000| Untracked 
|  16|0x00000000c3200000, 0x00000000c3200000, 0x00000000c3300000|  0%| F|  |TAMS 0x00000000c3200000, 0x00000000c3200000| Untracked 
|  17|0x00000000c3300000, 0x00000000c3300000, 0x00000000c3400000|  0%| F|  |TAMS 0x00000000c3300000, 0x00000000c3300000| Untracked 
|  18|0x00000000c3400000, 0x00000000c3400000, 0x00000000c3500000|  0%| F|  |TAMS 0x00000000c3400000, 0x00000000c3400000| Untracked 
|  19|0x00000000c3500000, 0x00000000c3500000, 0x00000000c3600000|  0%| F|  |TAMS 0x00000000c3500000, 0x00000000c3500000| Untracked 
|  20|0x00000000c3600000, 0x00000000c3600000, 0x00000000c3700000|  0%| F|  |TAMS 0x00000000c3600000, 0x00000000c3600000| Untracked 
|  21|0x00000000c3700000, 0x00000000c3700000, 0x00000000c3800000|  0%| F|  |TAMS 0x00000000c3700000, 0x00000000c3700000| Untracked 
|  22|0x00000000c3800000, 0x00000000c3800000, 0x00000000c3900000|  0%| F|  |TAMS 0x00000000c3800000, 0x00000000c3800000| Untracked 
|  23|0x00000000c3900000, 0x00000000c3900000, 0x00000000c3a00000|  0%| F|  |TAMS 0x00000000c3900000, 0x00000000c3900000| Untracked 
|  24|0x00000000c3a00000, 0x00000000c3a00000, 0x00000000c3b00000|  0%| F|  |TAMS 0x00000000c3a00000, 0x00000000c3a00000| Untracked 
|  25|0x00000000c3b00000, 0x00000000c3b00000, 0x00000000c3c00000|  0%| F|  |TAMS 0x00000000c3b00000, 0x00000000c3b00000| Untracked 
|  26|0x00000000c3c00000, 0x00000000c3c00000, 0x00000000c3d00000|  0%| F|  |TAMS 0x00000000c3c00000, 0x00000000c3c00000| Untracked 
|  27|0x00000000c3d00000, 0x00000000c3d00000, 0x00000000c3e00000|  0%| F|  |TAMS 0x00000000c3d00000, 0x00000000c3d00000| Untracked 
|  28|0x00000000c3e00000, 0x00000000c3e00000, 0x00000000c3f00000|  0%| F|  |TAMS 0x00000000c3e00000, 0x00000000c3e00000| Untracked 
|  29|0x00000000c3f00000, 0x00000000c3f00000, 0x00000000c4000000|  0%| F|  |TAMS 0x00000000c3f00000, 0x00000000c3f00000| Untracked 
|  30|0x00000000c4000000, 0x00000000c4000000, 0x00000000c4100000|  0%| F|  |TAMS 0x00000000c4000000, 0x00000000c4000000| Untracked 
|  31|0x00000000c4100000, 0x00000000c4100000, 0x00000000c4200000|  0%| F|  |TAMS 0x00000000c4100000, 0x00000000c4100000| Untracked 
|  32|0x00000000c4200000, 0x00000000c4200000, 0x00000000c4300000|  0%| F|  |TAMS 0x00000000c4200000, 0x00000000c4200000| Untracked 
|  33|0x00000000c4300000, 0x00000000c4300000, 0x00000000c4400000|  0%| F|  |TAMS 0x00000000c4300000, 0x00000000c4300000| Untracked 
|  34|0x00000000c4400000, 0x00000000c4400000, 0x00000000c4500000|  0%| F|  |TAMS 0x00000000c4400000, 0x00000000c4400000| Untracked 
|  35|0x00000000c4500000, 0x00000000c4500000, 0x00000000c4600000|  0%| F|  |TAMS 0x00000000c4500000, 0x00000000c4500000| Untracked 
|  36|0x00000000c4600000, 0x00000000c4600000, 0x00000000c4700000|  0%| F|  |TAMS 0x00000000c4600000, 0x00000000c4600000| Untracked 
|  37|0x00000000c4700000, 0x00000000c4700000, 0x00000000c4800000|  0%| F|  |TAMS 0x00000000c4700000, 0x00000000c4700000| Untracked 
|  38|0x00000000c4800000, 0x00000000c4800000, 0x00000000c4900000|  0%| F|  |TAMS 0x00000000c4800000, 0x00000000c4800000| Untracked 
|  39|0x00000000c4900000, 0x00000000c4900000, 0x00000000c4a00000|  0%| F|  |TAMS 0x00000000c4900000, 0x00000000c4900000| Untracked 
|  40|0x00000000c4a00000, 0x00000000c4a00000, 0x00000000c4b00000|  0%| F|  |TAMS 0x00000000c4a00000, 0x00000000c4a00000| Untracked 
|  41|0x00000000c4b00000, 0x00000000c4b00000, 0x00000000c4c00000|  0%| F|  |TAMS 0x00000000c4b00000, 0x00000000c4b00000| Untracked 
|  42|0x00000000c4c00000, 0x00000000c4c00000, 0x00000000c4d00000|  0%| F|  |TAMS 0x00000000c4c00000, 0x00000000c4c00000| Untracked 
|  43|0x00000000c4d00000, 0x00000000c4d00000, 0x00000000c4e00000|  0%| F|  |TAMS 0x00000000c4d00000, 0x00000000c4d00000| Untracked 
|  44|0x00000000c4e00000, 0x00000000c4e7ab78, 0x00000000c4f00000| 47%| E|  |TAMS 0x00000000c4e00000, 0x00000000c4e00000| Complete 
|  45|0x00000000c4f00000, 0x00000000c4fbc508, 0x00000000c5000000| 73%| S|CS|TAMS 0x00000000c4f00000, 0x00000000c4f00000| Complete 
|  46|0x00000000c5000000, 0x00000000c5100000, 0x00000000c5100000|100%| E|CS|TAMS 0x00000000c5000000, 0x00000000c5000000| Complete 
|  47|0x00000000c5100000, 0x00000000c5200000, 0x00000000c5200000|100%| E|CS|TAMS 0x00000000c5100000, 0x00000000c5100000| Complete 
|  48|0x00000000c5200000, 0x00000000c5300000, 0x00000000c5300000|100%| E|CS|TAMS 0x00000000c5200000, 0x00000000c5200000| Complete 
|  49|0x00000000c5300000, 0x00000000c5400000, 0x00000000c5400000|100%| E|CS|TAMS 0x00000000c5300000, 0x00000000c5300000| Complete 
|  50|0x00000000c5400000, 0x00000000c5500000, 0x00000000c5500000|100%| E|CS|TAMS 0x00000000c5400000, 0x00000000c5400000| Complete 
|  51|0x00000000c5500000, 0x00000000c5600000, 0x00000000c5600000|100%| E|CS|TAMS 0x00000000c5500000, 0x00000000c5500000| Complete 
|  52|0x00000000c5600000, 0x00000000c5700000, 0x00000000c5700000|100%| E|CS|TAMS 0x00000000c5600000, 0x00000000c5600000| Complete 
|  53|0x00000000c5700000, 0x00000000c5800000, 0x00000000c5800000|100%| E|CS|TAMS 0x00000000c5700000, 0x00000000c5700000| Complete 
|  54|0x00000000c5800000, 0x00000000c5900000, 0x00000000c5900000|100%| E|CS|TAMS 0x00000000c5800000, 0x00000000c5800000| Complete 
|  55|0x00000000c5900000, 0x00000000c5a00000, 0x00000000c5a00000|100%| E|  |TAMS 0x00000000c5900000, 0x00000000c5900000| Complete 
|  56|0x00000000c5a00000, 0x00000000c5b00000, 0x00000000c5b00000|100%| E|CS|TAMS 0x00000000c5a00000, 0x00000000c5a00000| Complete 
|  57|0x00000000c5b00000, 0x00000000c5c00000, 0x00000000c5c00000|100%| E|CS|TAMS 0x00000000c5b00000, 0x00000000c5b00000| Complete 
|  58|0x00000000c5c00000, 0x00000000c5d00000, 0x00000000c5d00000|100%| E|CS|TAMS 0x00000000c5c00000, 0x00000000c5c00000| Complete 
|  59|0x00000000c5d00000, 0x00000000c5e00000, 0x00000000c5e00000|100%| E|CS|TAMS 0x00000000c5d00000, 0x00000000c5d00000| Complete 
|  60|0x00000000c5e00000, 0x00000000c5f00000, 0x00000000c5f00000|100%| E|CS|TAMS 0x00000000c5e00000, 0x00000000c5e00000| Complete 
|  61|0x00000000c5f00000, 0x00000000c6000000, 0x00000000c6000000|100%| E|CS|TAMS 0x00000000c5f00000, 0x00000000c5f00000| Complete 

Card table byte_map: [0x00000204da050000,0x00000204da240000] _byte_map_base: 0x00000204d9a3f000

Marking Bits (Prev, Next): (CMBitMap*) 0x00000204c77d33d0, (CMBitMap*) 0x00000204c77d3410
 Prev Bits: [0x00000204da430000, 0x00000204db3a8000)
 Next Bits: [0x00000204db3b0000, 0x00000204dc328000)

Polling page: 0x00000204c55f0000

Metaspace:

Usage:
  Non-class:     15.51 MB used.
      Class:      1.72 MB used.
       Both:     17.23 MB used.

Virtual space:
  Non-class space:       16.00 MB reserved,      15.62 MB ( 98%) committed,  2 nodes.
      Class space:        1.00 GB reserved,       1.81 MB ( <1%) committed,  1 nodes.
             Both:        1.02 GB reserved,      17.44 MB (  2%) committed. 

Chunk freelists:
   Non-Class:  32.00 KB
       Class:  2.11 MB
        Both:  2.14 MB

MaxMetaspaceSize: unlimited
CompressedClassSpaceSize: 1.00 GB
Initial GC threshold: 21.00 MB
Current GC threshold: 21.00 MB
CDS: off
MetaspaceReclaimPolicy: balanced
 - commit_granule_bytes: 65536.
 - commit_granule_words: 8192.
 - virtual_space_node_default_size: 1048576.
 - enlarge_chunks_in_place: 1.
 - new_chunks_are_fully_committed: 0.
 - uncommit_free_chunks: 1.
 - use_allocation_guard: 0.
 - handle_deallocations: 1.


Internal statistics:

num_allocs_failed_limit: 0.
num_arena_births: 108.
num_arena_deaths: 0.
num_vsnodes_births: 3.
num_vsnodes_deaths: 0.
num_space_committed: 279.
num_space_uncommitted: 0.
num_chunks_returned_to_freelist: 0.
num_chunks_taken_from_freelist: 277.
num_chunk_merges: 0.
num_chunk_splits: 159.
num_chunks_enlarged: 108.
num_purges: 0.
num_inconsistent_stats: 0.

CodeHeap 'non-profiled nmethods': size=120000Kb used=549Kb max_used=549Kb free=119450Kb
 bounds [0x00000204d2930000, 0x00000204d2ba0000, 0x00000204d9e60000]
CodeHeap 'profiled nmethods': size=120000Kb used=2987Kb max_used=2987Kb free=117012Kb
 bounds [0x00000204cb400000, 0x00000204cb6f0000, 0x00000204d2930000]
CodeHeap 'non-nmethods': size=5760Kb used=1266Kb max_used=1287Kb free=4493Kb
 bounds [0x00000204cae60000, 0x00000204cb0d0000, 0x00000204cb400000]
 total_blobs=2052 nmethods=1554 adapters=411
 compilation: enabled
              stopped_count=0, restarted_count=0
 full_count=0

Compilation events (20 events):
Event: 6.392 Thread 0x00000204de80ddc0 1549   !   4       java.util.zip.ZipFile::getEntry (59 bytes)
Event: 6.392 Thread 0x00000204de85ea00 nmethod 1544 0x00000204cb6e6110 code [0x00000204cb6e62c0, 0x00000204cb6e64d8]
Event: 6.392 Thread 0x00000204de85ea00 1545       3       java.util.zip.ZipFile$ZipFileInflaterInputStream::fill (80 bytes)
Event: 6.392 Thread 0x00000204de85ea00 nmethod 1545 0x00000204cb6e6590 code [0x00000204cb6e6780, 0x00000204cb6e6b68]
Event: 6.392 Thread 0x00000204de85ea00 1546   !   3       java.util.zip.ZipFile$ZipFileInputStream::read (135 bytes)
Event: 6.393 Thread 0x00000204de85ea00 nmethod 1546 0x00000204cb6e6d10 code [0x00000204cb6e6f20, 0x00000204cb6e7658]
Event: 6.393 Thread 0x00000204de85ea00 1547       3       java.util.zip.ZipFile::ensureOpenOrZipException (19 bytes)
Event: 6.394 Thread 0x00000204de85ea00 nmethod 1547 0x00000204cb6e7a10 code [0x00000204cb6e7bc0, 0x00000204cb6e7da8]
Event: 6.394 Thread 0x00000204de85ea00 1548       3       java.util.zip.ZipFile$ZipFileInputStream::initDataOffset (117 bytes)
Event: 6.394 Thread 0x00000204de85ea00 nmethod 1548 0x00000204cb6e7e90 code [0x00000204cb6e80c0, 0x00000204cb6e8868]
Event: 6.394 Thread 0x00000204de85ea00 1551   !   3       java.util.zip.ZipFile$CleanableResource::getInflater (47 bytes)
Event: 6.395 Thread 0x00000204de85ea00 nmethod 1551 0x00000204cb6e8b90 code [0x00000204cb6e8d60, 0x00000204cb6e9278]
Event: 6.395 Thread 0x00000204de85ea00 1552       3       java.util.zip.ZipFile$ZipFileInflaterInputStream::<init> (41 bytes)
Event: 6.395 Thread 0x00000204de85ea00 nmethod 1552 0x00000204cb6e9490 code [0x00000204cb6e9660, 0x00000204cb6e9b18]
Event: 6.395 Thread 0x00000204de85ea00 1550       3       java.util.zip.InflaterInputStream::close (34 bytes)
Event: 6.395 Thread 0x00000204de85ea00 nmethod 1550 0x00000204cb6e9d10 code [0x00000204cb6e9ec0, 0x00000204cb6ea178]
Event: 6.395 Thread 0x00000204de85ea00 1553       3       org.eclipse.jdt.launching.internal.org.objectweb.asm.ClassVisitor::visit (50 bytes)
Event: 6.396 Thread 0x00000204de85ea00 nmethod 1553 0x00000204cb6ea290 code [0x00000204cb6ea460, 0x00000204cb6ea818]
Event: 6.396 Thread 0x00000204de85ea00 1554       3       org.eclipse.jdt.launching.internal.org.objectweb.asm.ClassVisitor::visitEnd (15 bytes)
Event: 6.396 Thread 0x00000204de85ea00 nmethod 1554 0x00000204cb6ea990 code [0x00000204cb6eab40, 0x00000204cb6ead48]

GC Heap History (4 events):
Event: 2.097 GC heap before
{Heap before GC invocations=0 (full 0):
 garbage-first heap   total 63488K, used 13312K [0x00000000c2200000, 0x0000000100000000)
  region size 1024K, 13 young (13312K), 0 survivors (0K)
 Metaspace       used 11320K, committed 11456K, reserved 1064960K
  class space    used 1017K, committed 1088K, reserved 1048576K
}
Event: 2.103 GC heap after
{Heap after GC invocations=1 (full 0):
 garbage-first heap   total 63488K, used 5204K [0x00000000c2200000, 0x0000000100000000)
  region size 1024K, 2 young (2048K), 2 survivors (2048K)
 Metaspace       used 11320K, committed 11456K, reserved 1064960K
  class space    used 1017K, committed 1088K, reserved 1048576K
}
Event: 5.754 GC heap before
{Heap before GC invocations=1 (full 0):
 garbage-first heap   total 63488K, used 19540K [0x00000000c2200000, 0x0000000100000000)
  region size 1024K, 16 young (16384K), 2 survivors (2048K)
 Metaspace       used 14281K, committed 14464K, reserved 1064960K
  class space    used 1392K, committed 1472K, reserved 1048576K
}
Event: 5.758 GC heap after
{Heap after GC invocations=2 (full 0):
 garbage-first heap   total 63488K, used 6151K [0x00000000c2200000, 0x0000000100000000)
  region size 1024K, 1 young (1024K), 1 survivors (1024K)
 Metaspace       used 14281K, committed 14464K, reserved 1064960K
  class space    used 1392K, committed 1472K, reserved 1048576K
}

Deoptimization events (20 events):
Event: 2.244 Thread 0x00000204c7797760 Uncommon trap: trap_request=0xffffff45 fr.pc=0x00000204d2946ac0 relative=0x0000000000000040
Event: 2.244 Thread 0x00000204c7797760 Uncommon trap: reason=unstable_if action=reinterpret pc=0x00000204d2946ac0 method=sun.nio.fs.WindowsPathParser.isSlash(C)Z @ 9 c2
Event: 2.244 Thread 0x00000204c7797760 DEOPT PACKING pc=0x00000204d2946ac0 sp=0x000000698edfec90
Event: 2.244 Thread 0x00000204c7797760 DEOPT UNPACKING pc=0x00000204caeb23a3 sp=0x000000698edfec28 mode 2
Event: 2.307 Thread 0x00000204c7797760 DEOPT PACKING pc=0x00000204cb44a8be sp=0x000000698edfdcf0
Event: 2.307 Thread 0x00000204c7797760 DEOPT UNPACKING pc=0x00000204caeb2b43 sp=0x000000698edfd168 mode 0
Event: 5.610 Thread 0x00000204c7797760 Uncommon trap: trap_request=0xffffff45 fr.pc=0x00000204d295754c relative=0x00000000000004ec
Event: 5.610 Thread 0x00000204c7797760 Uncommon trap: reason=unstable_if action=reinterpret pc=0x00000204d295754c method=java.lang.invoke.VarHandle.checkExactAccessMode(Ljava/lang/invoke/VarHandle$AccessDescriptor;)V @ 4 c2
Event: 5.610 Thread 0x00000204c7797760 DEOPT PACKING pc=0x00000204d295754c sp=0x000000698edfda60
Event: 5.610 Thread 0x00000204c7797760 DEOPT UNPACKING pc=0x00000204caeb23a3 sp=0x000000698edfd9f0 mode 2
Event: 5.657 Thread 0x00000204c7797760 DEOPT PACKING pc=0x00000204cb56634f sp=0x000000698edfaa60
Event: 5.657 Thread 0x00000204c7797760 DEOPT UNPACKING pc=0x00000204caeb2b43 sp=0x000000698edf9ec0 mode 0
Event: 5.875 Thread 0x00000204c7797760 DEOPT PACKING pc=0x00000204cb48f743 sp=0x000000698edfcbf0
Event: 5.875 Thread 0x00000204c7797760 DEOPT UNPACKING pc=0x00000204caeb2b43 sp=0x000000698edfc070 mode 0
Event: 5.877 Thread 0x00000204c7797760 DEOPT PACKING pc=0x00000204cb48f743 sp=0x000000698edfcc30
Event: 5.877 Thread 0x00000204c7797760 DEOPT UNPACKING pc=0x00000204caeb2b43 sp=0x000000698edfc0b0 mode 0
Event: 5.914 Thread 0x00000204c7797760 DEOPT PACKING pc=0x00000204cb442cd6 sp=0x000000698edfcba0
Event: 5.914 Thread 0x00000204c7797760 DEOPT UNPACKING pc=0x00000204caeb2b43 sp=0x000000698edfc040 mode 0
Event: 6.240 Thread 0x00000204c7797760 DEOPT PACKING pc=0x00000204cb556a1b sp=0x000000698edf8bc0
Event: 6.240 Thread 0x00000204c7797760 DEOPT UNPACKING pc=0x00000204caeb2b43 sp=0x000000698edf8108 mode 0

Classes unloaded (0 events):
No events

Classes redefined (0 events):
No events

Internal exceptions (20 events):
Event: 5.510 Thread 0x00000204c7797760 Exception <a 'java/lang/NoSuchMethodError'{0x00000000c59030c0}: 'java.lang.Object java.lang.invoke.DirectMethodHandle$Holder.invokeSpecialIFC(java.lang.Object, java.lang.Object, java.lang.Object, java.lang.Object)'> (0x00000000c59030c0) 
thrown [s\src\hotspot\share\interpreter\linkResolver.cpp, line 759]
Event: 5.516 Thread 0x00000204c7797760 Exception <a 'java/lang/NoSuchMethodError'{0x00000000c5935790}: 'int java.lang.invoke.DirectMethodHandle$Holder.invokeVirtual(java.lang.Object, java.lang.Object)'> (0x00000000c5935790) 
thrown [s\src\hotspot\share\interpreter\linkResolver.cpp, line 759]
Event: 5.519 Thread 0x00000204c7797760 Exception <a 'java/lang/NoSuchMethodError'{0x00000000c593ba38}: 'double java.lang.invoke.DirectMethodHandle$Holder.invokeVirtual(java.lang.Object, java.lang.Object)'> (0x00000000c593ba38) 
thrown [s\src\hotspot\share\interpreter\linkResolver.cpp, line 759]
Event: 5.522 Thread 0x00000204c7797760 Exception <a 'java/lang/NoSuchMethodError'{0x00000000c5941f38}: 'float java.lang.invoke.DirectMethodHandle$Holder.invokeVirtual(java.lang.Object, java.lang.Object)'> (0x00000000c5941f38) 
thrown [s\src\hotspot\share\interpreter\linkResolver.cpp, line 759]
Event: 5.523 Thread 0x00000204c7797760 Exception <a 'java/lang/NoSuchMethodError'{0x00000000c594b1d0}: 'long java.lang.invoke.DirectMethodHandle$Holder.invokeVirtual(java.lang.Object, java.lang.Object)'> (0x00000000c594b1d0) 
thrown [s\src\hotspot\share\interpreter\linkResolver.cpp, line 759]
Event: 5.536 Thread 0x00000204c7797760 Exception <a 'java/lang/NoSuchMethodError'{0x00000000c59c0498}: 'void java.lang.invoke.DirectMethodHandle$Holder.invokeStatic(java.lang.Object, java.lang.Object, java.lang.Object)'> (0x00000000c59c0498) 
thrown [s\src\hotspot\share\interpreter\linkResolver.cpp, line 759]
Event: 5.537 Thread 0x00000204c7797760 Exception <a 'java/lang/NoSuchMethodError'{0x00000000c59c6820}: 'java.lang.Object java.lang.invoke.DirectMethodHandle$Holder.invokeVirtual(java.lang.Object, java.lang.Object, java.lang.Object)'> (0x00000000c59c6820) 
thrown [s\src\hotspot\share\interpreter\linkResolver.cpp, line 759]
Event: 5.567 Thread 0x00000204c7797760 Exception <a 'java/lang/NoSuchMethodError'{0x00000000c58e7328}: 'void java.lang.invoke.DirectMethodHandle$Holder.invokeStatic(java.lang.Object, java.lang.Object, java.lang.Object, java.lang.Object)'> (0x00000000c58e7328) 
thrown [s\src\hotspot\share\interpreter\linkResolver.cpp, line 759]
Event: 5.592 Thread 0x00000204c7797760 Exception <a 'java/lang/NoSuchMethodError'{0x00000000c57f48e8}: 'java.lang.Object java.lang.invoke.DirectMethodHandle$Holder.invokeInterface(java.lang.Object, java.lang.Object)'> (0x00000000c57f48e8) 
thrown [s\src\hotspot\share\interpreter\linkResolver.cpp, line 759]
Event: 5.694 Thread 0x00000204c7797760 Exception <a 'java/lang/NoSuchMethodError'{0x00000000c54e91f8}: 'java.lang.Object java.lang.invoke.DirectMethodHandle$Holder.invokeStatic(java.lang.Object, java.lang.Object, int)'> (0x00000000c54e91f8) 
thrown [s\src\hotspot\share\interpreter\linkResolver.cpp, line 759]
Event: 5.694 Thread 0x00000204c7797760 Exception <a 'java/lang/NoSuchMethodError'{0x00000000c54ecc18}: 'java.lang.Object java.lang.invoke.DirectMethodHandle$Holder.invokeStaticInit(java.lang.Object, java.lang.Object, int)'> (0x00000000c54ecc18) 
thrown [s\src\hotspot\share\interpreter\linkResolver.cpp, line 759]
Event: 5.696 Thread 0x00000204c7797760 Exception <a 'java/lang/NoSuchMethodError'{0x00000000c54f32d0}: 'java.lang.Object java.lang.invoke.DirectMethodHandle$Holder.newInvokeSpecial(java.lang.Object, java.lang.Object, int)'> (0x00000000c54f32d0) 
thrown [s\src\hotspot\share\interpreter\linkResolver.cpp, line 759]
Event: 5.699 Thread 0x00000204c7797760 Exception <a 'java/lang/NoSuchMethodError'{0x00000000c54fe1b0}: 'int java.lang.invoke.DirectMethodHandle$Holder.invokeStaticInit(java.lang.Object, java.lang.Object, java.lang.Object)'> (0x00000000c54fe1b0) 
thrown [s\src\hotspot\share\interpreter\linkResolver.cpp, line 759]
Event: 5.703 Thread 0x00000204c7797760 Exception <a 'java/lang/NoSuchMethodError'{0x00000000c530eb00}: 'int java.lang.invoke.DirectMethodHandle$Holder.invokeSpecial(java.lang.Object, java.lang.Object, java.lang.Object)'> (0x00000000c530eb00) 
thrown [s\src\hotspot\share\interpreter\linkResolver.cpp, line 759]
Event: 5.707 Thread 0x00000204c7797760 Exception <a 'java/lang/NoSuchMethodError'{0x00000000c5317048}: 'int java.lang.invoke.DirectMethodHandle$Holder.invokeSpecialIFC(java.lang.Object, java.lang.Object, java.lang.Object)'> (0x00000000c5317048) 
thrown [s\src\hotspot\share\interpreter\linkResolver.cpp, line 759]
Event: 5.772 Thread 0x00000204c7797760 Exception <a 'sun/nio/fs/WindowsException'{0x00000000c5f97fb0}> (0x00000000c5f97fb0) 
thrown [s\src\hotspot\share\prims\jni.cpp, line 516]
Event: 5.789 Thread 0x00000204c7797760 Exception <a 'java/lang/NoSuchMethodError'{0x00000000c5ff4d10}: 'int java.lang.invoke.DirectMethodHandle$Holder.invokeStaticInit(java.lang.Object, java.lang.Object, java.lang.Object, java.lang.Object)'> (0x00000000c5ff4d10) 
thrown [s\src\hotspot\share\interpreter\linkResolver.cpp, line 759]
Event: 5.790 Thread 0x00000204c7797760 Exception <a 'java/lang/IncompatibleClassChangeError'{0x00000000c5e09100}: Found class java.lang.Object, but interface was expected> (0x00000000c5e09100) 
thrown [s\src\hotspot\share\interpreter\linkResolver.cpp, line 826]
Event: 5.909 Thread 0x00000204c7797760 Exception <a 'java/lang/NoSuchMethodError'{0x00000000c572a500}: 'java.lang.Object java.lang.invoke.DirectMethodHandle$Holder.invokeStaticInit(java.lang.Object, int, int, int, int)'> (0x00000000c572a500) 
thrown [s\src\hotspot\share\interpreter\linkResolver.cpp, line 759]
Event: 5.943 Thread 0x00000204c7797760 Exception <a 'java/lang/NoSuchMethodError'{0x00000000c57b1fa8}: 'java.lang.Object java.lang.invoke.DirectMethodHandle$Holder.invokeStaticInit(java.lang.Object, java.lang.Object, int, int, int, int)'> (0x00000000c57b1fa8) 
thrown [s\src\hotspot\share\interpreter\linkResolver.cpp, line 759]

VM Operations (20 events):
Event: 2.067 Executing VM operation: HandshakeAllThreads
Event: 2.067 Executing VM operation: HandshakeAllThreads done
Event: 2.097 Executing VM operation: G1CollectForAllocation
Event: 2.103 Executing VM operation: G1CollectForAllocation done
Event: 2.142 Executing VM operation: HandshakeAllThreads
Event: 2.142 Executing VM operation: HandshakeAllThreads done
Event: 2.229 Executing VM operation: HandshakeAllThreads
Event: 2.229 Executing VM operation: HandshakeAllThreads done
Event: 2.238 Executing VM operation: HandshakeAllThreads
Event: 2.238 Executing VM operation: HandshakeAllThreads done
Event: 3.244 Executing VM operation: Cleanup
Event: 3.244 Executing VM operation: Cleanup done
Event: 5.754 Executing VM operation: G1CollectForAllocation
Event: 5.758 Executing VM operation: G1CollectForAllocation done
Event: 5.758 Executing VM operation: Cleanup
Event: 5.759 Executing VM operation: Cleanup done
Event: 5.953 Executing VM operation: HandshakeAllThreads
Event: 5.953 Executing VM operation: HandshakeAllThreads done
Event: 6.068 Executing VM operation: HandshakeAllThreads
Event: 6.068 Executing VM operation: HandshakeAllThreads done

Events (20 events):
Event: 6.183 loading class java/nio/channels/spi/AbstractInterruptibleChannel$1 done
Event: 6.186 loading class java/nio/BufferMismatch
Event: 6.187 loading class java/nio/BufferMismatch done
Event: 6.187 loading class sun/nio/ch/SourceChannelImpl
Event: 6.188 loading class java/nio/channels/Pipe$SourceChannel
Event: 6.188 loading class java/nio/channels/Pipe$SourceChannel done
Event: 6.188 loading class sun/nio/ch/SourceChannelImpl done
Event: 6.188 loading class sun/nio/ch/SinkChannelImpl
Event: 6.189 loading class java/nio/channels/Pipe$SinkChannel
Event: 6.190 loading class java/nio/channels/Pipe$SinkChannel done
Event: 6.190 loading class sun/nio/ch/SinkChannelImpl done
Event: 6.224 Thread 0x00000204e0d128f0 Thread added: 0x00000204e0d128f0
Event: 6.252 loading class java/nio/channels/spi/AbstractSelector$1
Event: 6.252 loading class java/nio/channels/spi/AbstractSelector$1 done
Event: 6.319 loading class java/io/InvalidObjectException
Event: 6.319 loading class java/io/ObjectStreamException
Event: 6.319 loading class java/io/ObjectStreamException done
Event: 6.319 loading class java/io/InvalidObjectException done
Event: 6.391 loading class java/util/NoSuchElementException
Event: 6.391 loading class java/util/NoSuchElementException done


Dynamic libraries:
0x00007ff786520000 - 0x00007ff78652e000 	C:\Users\Administrator\Downloads\eclipse\plugins\org.eclipse.justj.openjdk.hotspot.jre.full.win32.x86_64_17.0.4.v20220903-1038\jre\bin\javaw.exe
0x00007ffad96b0000 - 0x00007ffad98a8000 	C:\Windows\SYSTEM32\ntdll.dll
0x00007ffad8120000 - 0x00007ffad81df000 	C:\Windows\System32\KERNEL32.DLL
0x00007ffad6ef0000 - 0x00007ffad71e6000 	C:\Windows\System32\KERNELBASE.dll
0x00007ffad7610000 - 0x00007ffad7710000 	C:\Windows\System32\ucrtbase.dll
0x00007ffad0d60000 - 0x00007ffad0d78000 	C:\Users\Administrator\Downloads\eclipse\plugins\org.eclipse.justj.openjdk.hotspot.jre.full.win32.x86_64_17.0.4.v20220903-1038\jre\bin\jli.dll
0x00007ffad8c30000 - 0x00007ffad8dcd000 	C:\Windows\System32\USER32.dll
0x00007ffad7350000 - 0x00007ffad7372000 	C:\Windows\System32\win32u.dll
0x00007ffad7aa0000 - 0x00007ffad7acc000 	C:\Windows\System32\GDI32.dll
0x00007ffad74f0000 - 0x00007ffad7605000 	C:\Windows\System32\gdi32full.dll
0x00007ffad6d90000 - 0x00007ffad6e2d000 	C:\Windows\System32\msvcp_win.dll
0x00007ffad13e0000 - 0x00007ffad13f9000 	C:\Users\Administrator\Downloads\eclipse\plugins\org.eclipse.justj.openjdk.hotspot.jre.full.win32.x86_64_17.0.4.v20220903-1038\jre\bin\VCRUNTIME140.dll
0x00007ffac5ac0000 - 0x00007ffac5d5a000 	C:\Windows\WinSxS\amd64_microsoft.windows.common-controls_6595b64144ccf1df_6.0.19041.1110_none_60b5254171f9507e\COMCTL32.dll
0x00007ffad7c80000 - 0x00007ffad7d1e000 	C:\Windows\System32\msvcrt.dll
0x00007ffad7fb0000 - 0x00007ffad7fe0000 	C:\Windows\System32\IMM32.DLL
0x00007ffad2120000 - 0x00007ffad212c000 	C:\Users\Administrator\Downloads\eclipse\plugins\org.eclipse.justj.openjdk.hotspot.jre.full.win32.x86_64_17.0.4.v20220903-1038\jre\bin\vcruntime140_1.dll
0x00007ffabe970000 - 0x00007ffabea01000 	C:\Users\Administrator\Downloads\eclipse\plugins\org.eclipse.justj.openjdk.hotspot.jre.full.win32.x86_64_17.0.4.v20220903-1038\jre\bin\msvcp140.dll
0x00007ffa8d7f0000 - 0x00007ffa8e436000 	C:\Users\Administrator\Downloads\eclipse\plugins\org.eclipse.justj.openjdk.hotspot.jre.full.win32.x86_64_17.0.4.v20220903-1038\jre\bin\server\jvm.dll
0x00007ffad79f0000 - 0x00007ffad7a9f000 	C:\Windows\System32\ADVAPI32.dll
0x00007ffad8710000 - 0x00007ffad87ac000 	C:\Windows\System32\sechost.dll
0x00007ffad77f0000 - 0x00007ffad7916000 	C:\Windows\System32\RPCRT4.dll
0x00007ffad8100000 - 0x00007ffad8108000 	C:\Windows\System32\PSAPI.DLL
0x00007ffad2ac0000 - 0x00007ffad2ac9000 	C:\Windows\SYSTEM32\WSOCK32.dll
0x00007ffad87b0000 - 0x00007ffad881b000 	C:\Windows\System32\WS2_32.dll
0x00007ffac9780000 - 0x00007ffac978a000 	C:\Windows\SYSTEM32\VERSION.dll
0x00007ffac1230000 - 0x00007ffac1257000 	C:\Windows\SYSTEM32\WINMM.dll
0x00007ffad4c30000 - 0x00007ffad4c42000 	C:\Windows\SYSTEM32\kernel.appcore.dll
0x00007ffad2710000 - 0x00007ffad271a000 	C:\Users\Administrator\Downloads\eclipse\plugins\org.eclipse.justj.openjdk.hotspot.jre.full.win32.x86_64_17.0.4.v20220903-1038\jre\bin\jimage.dll
0x00007ffac7dd0000 - 0x00007ffac7fb4000 	C:\Windows\SYSTEM32\DBGHELP.DLL
0x00007ffac7d50000 - 0x00007ffac7d84000 	C:\Windows\SYSTEM32\dbgcore.DLL
0x00007ffad73b0000 - 0x00007ffad7432000 	C:\Windows\System32\bcryptPrimitives.dll
0x00007ffac4c10000 - 0x00007ffac4c4b000 	C:\Users\Administrator\Downloads\eclipse\plugins\org.eclipse.justj.openjdk.hotspot.jre.full.win32.x86_64_17.0.4.v20220903-1038\jre\bin\jdwp.dll
0x00007ffad2b80000 - 0x00007ffad2b8e000 	C:\Users\Administrator\Downloads\eclipse\plugins\org.eclipse.justj.openjdk.hotspot.jre.full.win32.x86_64_17.0.4.v20220903-1038\jre\bin\instrument.dll
0x00007ffac7ac0000 - 0x00007ffac7ae5000 	C:\Users\Administrator\Downloads\eclipse\plugins\org.eclipse.justj.openjdk.hotspot.jre.full.win32.x86_64_17.0.4.v20220903-1038\jre\bin\java.dll
0x00007ffad25a0000 - 0x00007ffad25b8000 	C:\Users\Administrator\Downloads\eclipse\plugins\org.eclipse.justj.openjdk.hotspot.jre.full.win32.x86_64_17.0.4.v20220903-1038\jre\bin\zip.dll
0x00007ffad8f20000 - 0x00007ffad9664000 	C:\Windows\System32\SHELL32.dll
0x00007ffad4e30000 - 0x00007ffad55c3000 	C:\Windows\SYSTEM32\windows.storage.dll
0x00007ffad88d0000 - 0x00007ffad8c24000 	C:\Windows\System32\combase.dll
0x00007ffad6700000 - 0x00007ffad672e000 	C:\Windows\SYSTEM32\Wldp.dll
0x00007ffad7740000 - 0x00007ffad77ed000 	C:\Windows\System32\SHCORE.dll
0x00007ffad8ec0000 - 0x00007ffad8f15000 	C:\Windows\System32\shlwapi.dll
0x00007ffad6cc0000 - 0x00007ffad6ce5000 	C:\Windows\SYSTEM32\profapi.dll
0x00007ffad2390000 - 0x00007ffad239c000 	C:\Users\Administrator\Downloads\eclipse\plugins\org.eclipse.justj.openjdk.hotspot.jre.full.win32.x86_64_17.0.4.v20220903-1038\jre\bin\dt_socket.dll
0x00007ffad6150000 - 0x00007ffad618b000 	C:\Windows\SYSTEM32\IPHLPAPI.DLL
0x00007ffad6460000 - 0x00007ffad64ca000 	C:\Windows\system32\mswsock.dll
0x00007ffad6190000 - 0x00007ffad625a000 	C:\Windows\SYSTEM32\DNSAPI.dll
0x00007ffad7730000 - 0x00007ffad7738000 	C:\Windows\System32\NSI.dll
0x00007fface170000 - 0x00007fface17a000 	C:\Windows\System32\rasadhlp.dll
0x00007fface390000 - 0x00007fface412000 	C:\Windows\System32\fwpuclnt.dll
0x00007ffad7380000 - 0x00007ffad73a7000 	C:\Windows\System32\bcrypt.dll
0x00007ffacfb40000 - 0x00007ffacfb59000 	C:\Users\Administrator\Downloads\eclipse\plugins\org.eclipse.justj.openjdk.hotspot.jre.full.win32.x86_64_17.0.4.v20220903-1038\jre\bin\net.dll
0x00007ffacf230000 - 0x00007ffacf33a000 	C:\Windows\SYSTEM32\WINHTTP.dll
0x00007ffac7aa0000 - 0x00007ffac7ab5000 	C:\Users\Administrator\Downloads\eclipse\plugins\org.eclipse.justj.openjdk.hotspot.jre.full.win32.x86_64_17.0.4.v20220903-1038\jre\bin\nio.dll
0x00007ffad2700000 - 0x00007ffad2710000 	C:\Users\Administrator\Downloads\eclipse\plugins\org.eclipse.justj.openjdk.hotspot.jre.full.win32.x86_64_17.0.4.v20220903-1038\jre\bin\verify.dll
0x00007ffad6660000 - 0x00007ffad6678000 	C:\Windows\SYSTEM32\CRYPTSP.dll
0x00007ffad5d70000 - 0x00007ffad5da4000 	C:\Windows\system32\rsaenh.dll
0x00007ffad6c80000 - 0x00007ffad6cae000 	C:\Windows\SYSTEM32\USERENV.dll
0x00007ffad6650000 - 0x00007ffad665c000 	C:\Windows\SYSTEM32\CRYPTBASE.dll
0x00007ffacf6f0000 - 0x00007ffacf707000 	C:\Windows\SYSTEM32\dhcpcsvc6.DLL
0x00007ffad02a0000 - 0x00007ffad02bd000 	C:\Windows\SYSTEM32\dhcpcsvc.DLL
0x00007ffad2130000 - 0x00007ffad213e000 	C:\Users\Administrator\Downloads\eclipse\plugins\org.eclipse.justj.openjdk.hotspot.jre.full.win32.x86_64_17.0.4.v20220903-1038\jre\bin\sunmscapi.dll
0x00007ffad71f0000 - 0x00007ffad734e000 	C:\Windows\System32\CRYPT32.dll
0x00007ffad6770000 - 0x00007ffad6798000 	C:\Windows\SYSTEM32\ncrypt.dll
0x00007ffad6730000 - 0x00007ffad676b000 	C:\Windows\SYSTEM32\NTASN1.dll
0x00007ffacc8f0000 - 0x00007ffacc8f7000 	C:\Windows\system32\wshunix.dll

dbghelp: loaded successfully - version: 4.0.5 - missing functions: none
symbol engine: initialized successfully - sym options: 0x614 - pdb path: .;C:\Users\Administrator\Downloads\eclipse\plugins\org.eclipse.justj.openjdk.hotspot.jre.full.win32.x86_64_17.0.4.v20220903-1038\jre\bin;C:\Windows\SYSTEM32;C:\Windows\WinSxS\amd64_microsoft.windows.common-controls_6595b64144ccf1df_6.0.19041.1110_none_60b5254171f9507e;C:\Users\Administrator\Downloads\eclipse\plugins\org.eclipse.justj.openjdk.hotspot.jre.full.win32.x86_64_17.0.4.v20220903-1038\jre\bin\server

VM Arguments:
jvm_args: -XX:+ShowCodeDetailsInExceptionMessages -agentlib:jdwp=transport=dt_socket,suspend=y,address=localhost:63147 -javaagent:C:\Users\Administrator\Downloads\eclipse\configuration\org.eclipse.osgi\228\0\.cp\lib\javaagent-shaded.jar -Dfile.encoding=UTF-8 
java_command: KeywordDrivenFramework.ActiTime
java_class_path (initial): C:\Users\Administrator\Sainath-workspace\com.MVNAutomation\target\test-classes;C:\Users\Administrator\Sainath-workspace\com.MVNAutomation\target\classes;C:\Users\Administrator\.m2\repository\org\seleniumhq\selenium\selenium-java\4.15.0\selenium-java-4.15.0.jar;C:\Users\Administrator\.m2\repository\org\seleniumhq\selenium\selenium-api\4.15.0\selenium-api-4.15.0.jar;C:\Users\Administrator\.m2\repository\org\seleniumhq\selenium\selenium-chrome-driver\4.15.0\selenium-chrome-driver-4.15.0.jar;C:\Users\Administrator\.m2\repository\com\google\auto\service\auto-service-annotations\1.1.1\auto-service-annotations-1.1.1.jar;C:\Users\Administrator\.m2\repository\org\seleniumhq\selenium\selenium-chromium-driver\4.15.0\selenium-chromium-driver-4.15.0.jar;C:\Users\Administrator\.m2\repository\org\seleniumhq\selenium\selenium-json\4.15.0\selenium-json-4.15.0.jar;C:\Users\Administrator\.m2\repository\org\seleniumhq\selenium\selenium-manager\4.15.0\selenium-manager-4.15.0.jar;C:\Users\Administrator\.m2\repository\org\seleniumhq\selenium\selenium-devtools-v117\4.15.0\selenium-devtools-v117-4.15.0.jar;C:\Users\Administrator\.m2\repository\org\seleniumhq\selenium\selenium-devtools-v118\4.15.0\selenium-devtools-v118-4.15.0.jar;C:\Users\Administrator\.m2\repository\org\seleniumhq\selenium\selenium-devtools-v119\4.15.0\selenium-devtools-v119-4.15.0.jar;C:\Users\Administrator\.m2\repository\org\seleniumhq\selenium\selenium-devtools-v85\4.15.0\selenium-devtools-v85-4.15.0.jar;C:\Users\Administrator\.m2\repository\org\seleniumhq\selenium\selenium-edge-driver\4.15.0\selenium-edge-driver-4.15.0.jar;C:\Users\Administrator\.m2\repository\org\seleniumhq\selenium\selenium-firefox-driver\4.15.0\selenium-firefox-driver-4.15.0.jar;C:\Users\Administrator\.m2\repository\org\seleniumhq\selenium\selenium-http\4.15.0\selenium-http-4.15.0.jar;C:\Users\Administrator\.m2\repository\dev\failsafe\failsafe\3.3.2\failsafe-3.3.2.jar;C:\Users\Administrator\.m2\repository\org\seleniumhq\
Launcher Type: SUN_STANDARD

[Global flags]
     intx CICompilerCount                          = 3                                         {product} {ergonomic}
     uint ConcGCThreads                            = 1                                         {product} {ergonomic}
     uint G1ConcRefinementThreads                  = 4                                         {product} {ergonomic}
   size_t G1HeapRegionSize                         = 1048576                                   {product} {ergonomic}
    uintx GCDrainStackTargetSize                   = 64                                        {product} {ergonomic}
   size_t InitialHeapSize                          = 65011712                                  {product} {ergonomic}
   size_t MarkStackSize                            = 4194304                                   {product} {ergonomic}
   size_t MaxHeapSize                              = 1038090240                                {product} {ergonomic}
   size_t MaxNewSize                               = 622854144                                 {product} {ergonomic}
   size_t MinHeapDeltaBytes                        = 1048576                                   {product} {ergonomic}
   size_t MinHeapSize                              = 8388608                                   {product} {ergonomic}
    uintx NonNMethodCodeHeapSize                   = 5832780                                {pd product} {ergonomic}
    uintx NonProfiledCodeHeapSize                  = 122912730                              {pd product} {ergonomic}
    uintx ProfiledCodeHeapSize                     = 122912730                              {pd product} {ergonomic}
    uintx ReservedCodeCacheSize                    = 251658240                              {pd product} {ergonomic}
     bool SegmentedCodeCache                       = true                                      {product} {ergonomic}
     bool ShowCodeDetailsInExceptionMessages       = true                                   {manageable} {command line}
   size_t SoftMaxHeapSize                          = 1038090240                             {manageable} {ergonomic}
     bool UseCompressedClassPointers               = true                           {product lp64_product} {ergonomic}
     bool UseCompressedOops                        = true                           {product lp64_product} {ergonomic}
     bool UseG1GC                                  = true                                      {product} {ergonomic}
     bool UseLargePagesIndividualAllocation        = false                                  {pd product} {ergonomic}

Logging:
Log output configuration:
 #0: stdout all=warning uptime,level,tags
 #1: stderr all=off uptime,level,tags

Environment Variables:
PATH=C:\Users\Administrator\Downloads\eclipse\plugins\org.eclipse.justj.openjdk.hotspot.jre.full.win32.x86_64_17.0.4.v20220903-1038\jre\bin;C:/Users/Administrator/Downloads/eclipse//plugins/org.eclipse.justj.openjdk.hotspot.jre.full.win32.x86_64_17.0.4.v20220903-1038/jre/bin/server;C:/Users/Administrator/Downloads/eclipse//plugins/org.eclipse.justj.openjdk.hotspot.jre.full.win32.x86_64_17.0.4.v20220903-1038/jre/bin;C:\Windows\system32;C:\Windows;C:\Windows\System32\Wbem;C:\Windows\System32\WindowsPowerShell\v1.0\;C:\Windows\System32\OpenSSH\;C:\Program Files\nodejs\;C:\Program Files\Git\cmd;C:\Program Files\MySQL\MySQL Server 8.0\bin;C:\Program Files\MySQL\MySQL Shell 8.0\bin\;C:\Users\Administrator\AppData\Local\Microsoft\WindowsApps;;C:\Users\Administrator\AppData\Local\Programs\Microsoft VS Code\bin;C:\Users\Administrator\AppData\Roaming\npm;C:\Users\Administrator\Downloads\eclipse;
USERNAME=Administrator
OS=Windows_NT
PROCESSOR_IDENTIFIER=Intel64 Family 6 Model 78 Stepping 3, GenuineIntel
TMP=C:\Users\ADMINI~1\AppData\Local\Temp
TEMP=C:\Users\ADMINI~1\AppData\Local\Temp



---------------  S Y S T E M  ---------------

OS:
 Windows 10 , 64 bit Build 19041 (10.0.19041.3155)
OS uptime: 1 days 7:21 hours

CPU: total 4 (initial active 4) (2 cores per cpu, 2 threads per core) family 6 model 78 stepping 3 microcode 0xcc, cx8, cmov, fxsr, ht, mmx, 3dnowpref, sse, sse2, sse3, ssse3, sse4.1, sse4.2, popcnt, lzcnt, tsc, tscinvbit, avx, avx2, aes, erms, clmul, bmi1, bmi2, adx, fma, vzeroupper, clflush, clflushopt

Memory: 4k page, system-wide physical 3956M (359M free)
TotalPageFile size 16244M (AvailPageFile size 0M)
current process WorkingSet (physical memory assigned to process): 86M, peak: 86M
current process commit charge ("private bytes"): 152M, peak: 152M

vm_info: OpenJDK 64-Bit Server VM (17.0.4.1+1) for windows-amd64 JRE (17.0.4.1+1), built on Aug 17 2022 07:42:43 by "temurin" with MS VC++ 16.7 (VS2019)

END.
